<?xml version="1.0" encoding="UTF-8"?>
<!-- Generated by org.testng.reporters.JUnitReportReporter -->
<testsuite name="com.Logo.qa.Test.SelectDressTest" tests="1" time="51.192" ignored="0" failures="0" timestamp="17 Mar 2020 04:52:03 GMT" skipped="0" hostname="UE-PC" errors="0">
  <testcase name="selecteDressTest" time="51.192" classname="com.Logo.qa.Test.SelectDressTest"/>
</testsuite> <!-- com.Logo.qa.Test.SelectDressTest -->
