<?xml version="1.0" encoding="UTF-8"?>
<!-- Generated by org.testng.reporters.JUnitReportReporter -->
<testsuite name="com.Logo.qa.Test.homePageTest" tests="6" time="157.794" ignored="0" failures="0" timestamp="17 Mar 2020 04:52:03 GMT" skipped="0" hostname="UE-PC" errors="0">
  <testcase name="testLogo" time="24.029" classname="com.Logo.qa.Test.homePageTest"/>
  <testcase name="contactTest" time="36.073" classname="com.Logo.qa.Test.homePageTest"/>
  <testcase name="emptyCartTest" time="23.154" classname="com.Logo.qa.Test.homePageTest"/>
  <testcase name="signInTest" time="23.579" classname="com.Logo.qa.Test.homePageTest"/>
  <testcase name="selectTShirt" time="28.535" classname="com.Logo.qa.Test.homePageTest"/>
  <testcase name="titleTest" time="22.424" classname="com.Logo.qa.Test.homePageTest"/>
</testsuite> <!-- com.Logo.qa.Test.homePageTest -->
